<?xml version="1.0" encoding="UTF-8"?>
<!-- Generated by org.testng.reporters.JUnitReportReporter -->
<testsuite hostname="MSI" failures="0" tests="3" name="WebstaurantStoreTest" time="7.919" errors="0" timestamp="2023-01-23T19:03:20 EST" skipped="0">
  <testcase classname="WebstaurantStoreTest" name="emptyCart" time="2.906"/>
  <system-out/>
  <testcase classname="WebstaurantStoreTest" name="searchAndVerify" time="3.794"/>
  <system-out/>
  <testcase classname="WebstaurantStoreTest" name="addToCart" time="1.219"/>
  <system-out/>
</testsuite> <!-- WebstaurantStoreTest -->
