<?xml version="1.0" encoding="UTF-8"?>
<!-- Generated by org.testng.reporters.JUnitReportReporter -->
<testsuite hostname="MSI" failures="0" tests="3" name="WebstaurantStoreTest" time="9.217" errors="0" timestamp="2023-01-16T19:04:19 EST" skipped="0">
  <testcase classname="WebstaurantStoreTest" name="addToCart" time="1.207"/>
  <system-out/>
  <testcase classname="WebstaurantStoreTest" name="searchAndVerify" time="5.331"/>
  <system-out/>
  <testcase classname="WebstaurantStoreTest" name="emptyCart" time="2.679"/>
  <system-out/>
</testsuite> <!-- WebstaurantStoreTest -->
